2020-10-14 16:12:39,851 [main] INFO Guidewire - ***** Chrome Browser Launched ******
2020-10-14 16:12:40,761 [main] INFO Guidewire - ***** Test Method Passed ******
2020-10-14 16:12:45,077 [main] INFO Guidewire - ***** Browser Closed ******
2020-10-14 16:28:14,374 [main] INFO Guidewire - ***** Chrome Browser Launched ******
2020-10-14 16:28:15,270 [main] INFO Guidewire - ***** Test Method Passed ******
2020-10-14 16:28:15,392 [main] INFO Guidewire - ***** Browser Closed ******
2020-10-15 11:58:56,803 [main] INFO Guidewire - ***** IE Browser Launched ******
2020-10-15 11:58:56,923 [main] INFO Guidewire - ***** Test Method failed ******
2020-10-15 12:02:29,161 [main] INFO Guidewire - ***** IE Browser Launched ******
2020-10-15 12:02:29,248 [main] INFO Guidewire - ***** Test Method failed ******
2020-10-15 12:18:35,797 [main] INFO Guidewire - ***** IE Browser Launched ******
2020-10-15 12:18:35,888 [main] INFO Guidewire - ***** Test Method failed ******
2020-10-15 13:29:37,090 [main] INFO Guidewire - ***** IE Browser Launched ******
2020-10-15 13:29:37,189 [main] INFO Guidewire - ***** Test Method failed ******
2020-10-15 15:55:18,174 [main] INFO Guidewire - ***** IE Browser Launched ******
2020-10-15 15:55:18,236 [main] INFO Guidewire - ***** Test Method failed ******
2020-10-15 16:00:57,753 [main] INFO Guidewire - ***** IE Browser Launched ******
2020-10-15 16:00:57,811 [main] INFO Guidewire - ***** Test Method failed ******
2020-10-15 16:01:52,174 [main] INFO Guidewire - ***** Chrome Browser Launched ******
2020-10-15 16:01:54,694 [main] INFO Guidewire - ***** Test Method Passed ******
2020-10-15 16:01:59,028 [main] INFO Guidewire - ***** Browser Closed ******
2020-10-15 16:02:24,994 [main] INFO Guidewire - ***** IE Browser Launched ******
2020-10-15 16:02:25,060 [main] INFO Guidewire - ***** Test Method failed ******
2020-10-15 16:02:52,362 [main] INFO Guidewire - ***** Edge Browser Launched ******
2020-10-15 16:02:53,826 [main] INFO Guidewire - ***** Test Method Passed ******
2020-10-15 16:02:54,037 [main] INFO Guidewire - ***** Browser Closed ******
2020-10-15 16:19:55,748 [main] INFO Guidewire - ***** IE Browser Launched ******
2020-10-15 16:19:55,809 [main] INFO Guidewire - ***** Test Method failed ******
2020-10-15 16:20:38,166 [main] INFO Guidewire - ***** IE Browser Launched ******
2020-10-15 16:20:38,226 [main] INFO Guidewire - ***** Test Method failed ******
2020-10-15 16:28:27,042 [main] INFO Guidewire - ***** IE Browser Launched ******
2020-10-15 16:28:27,102 [main] INFO Guidewire - ***** Test Method failed ******
2020-10-15 16:30:04,190 [main] INFO Guidewire - ***** IE Browser Launched ******
2020-10-15 16:30:04,257 [main] INFO Guidewire - ***** Test Method failed ******
2020-10-15 16:30:58,003 [main] INFO Guidewire - ***** Chrome Browser Launched ******
2020-10-15 16:30:58,904 [main] INFO Guidewire - ***** Test Method Passed ******
2020-10-15 16:31:03,219 [main] INFO Guidewire - ***** Browser Closed ******
2020-10-15 16:38:07,321 [main] INFO Guidewire - ***** IE Browser Launched ******
2020-10-15 16:38:07,381 [main] INFO Guidewire - ***** Test Method failed ******
2020-10-15 16:40:28,031 [main] INFO Guidewire - ***** IE Browser Launched ******
2020-10-15 16:40:28,092 [main] INFO Guidewire - ***** Test Method failed ******
2020-10-15 16:52:59,878 [main] INFO Guidewire - ***** IE Browser Launched ******
2020-10-15 16:52:59,936 [main] INFO Guidewire - ***** Test Method failed ******
2020-10-15 16:59:22,764 [main] INFO Guidewire - ***** IE Browser Launched ******
2020-10-15 16:59:22,829 [main] INFO Guidewire - ***** Test Method failed ******
2020-10-15 17:02:48,101 [main] INFO Guidewire - ***** IE Browser Launched ******
2020-10-15 17:07:15,801 [main] INFO Guidewire - ***** Firefox Browser Launched ******
2020-10-15 17:07:18,355 [main] INFO Guidewire - ***** Test Method Passed ******
2020-10-15 17:07:20,310 [main] INFO Guidewire - ***** Browser Closed ******
2020-10-15 17:07:48,223 [main] INFO Guidewire - ***** Test Method failed ******
2020-10-15 17:07:54,658 [main] INFO Guidewire - ***** Chrome Browser Launched ******
2020-10-15 17:07:55,546 [main] INFO Guidewire - ***** Test Method Passed ******
2020-10-15 17:07:59,886 [main] INFO Guidewire - ***** Browser Closed ******
2020-10-15 17:08:20,741 [main] INFO Guidewire - ***** Edge Browser Launched ******
2020-10-15 17:08:22,243 [main] INFO Guidewire - ***** Test Method Passed ******
2020-10-15 17:08:22,443 [main] INFO Guidewire - ***** Browser Closed ******
2020-10-15 17:08:44,707 [main] INFO Guidewire - ***** IE Browser Launched ******
2020-10-15 17:13:44,810 [main] INFO Guidewire - ***** Test Method failed ******
2020-10-15 17:13:44,872 [main] INFO Guidewire - ***** Test Method Passed ******
2020-10-15 17:13:44,990 [main] INFO Guidewire - ***** Browser Closed ******
2020-10-15 21:33:17,758 [main] INFO Guidewire - ***** IE Browser Launched ******
2020-10-15 21:38:17,851 [main] INFO Guidewire - ***** Test Method failed ******
2020-10-15 21:53:19,957 [main] INFO Guidewire - ***** Edge Browser Launched ******
2020-10-15 21:53:21,562 [main] INFO Guidewire - ***** Test Method Passed ******
2020-10-15 21:53:25,640 [main] INFO Guidewire - ***** Browser Closed ******
2020-10-15 22:28:01,444 [main] INFO Guidewire - ***** Edge Browser Launched ******
2020-10-15 22:29:53,350 [main] INFO Guidewire - ***** Edge Browser Launched ******
2020-10-15 22:29:54,904 [main] INFO Guidewire - ***** Test Method Passed ******
2020-10-15 22:29:55,126 [main] INFO Guidewire - ***** Browser Closed ******
2020-10-15 22:30:11,582 [main] INFO Guidewire - ***** Edge Browser Launched ******
2020-10-15 22:33:11,165 [main] INFO Guidewire - ***** Edge Browser Launched ******
2020-10-15 22:33:11,183 [main] INFO Guidewire - ***** Test Method failed ******
2020-10-15 22:38:39,592 [main] INFO Guidewire - ***** Edge Browser Launched ******
2020-10-15 22:38:39,612 [main] INFO Guidewire - ***** Test Method failed ******
2020-10-15 22:45:35,436 [main] INFO Guidewire - ***** Edge Browser Launched ******
2020-10-15 22:47:06,648 [main] INFO Guidewire - ***** Edge Browser Launched ******
2020-10-15 22:48:23,674 [main] INFO Guidewire - ***** Edge Browser Launched ******
2020-10-15 22:48:26,756 [main] INFO Guidewire - ***** Test Method Passed ******
2020-10-15 22:48:26,926 [main] INFO Guidewire - ***** Browser Closed ******
2020-10-15 22:48:27,217 [main] INFO Guidewire - ***** Test Method failed ******
2020-10-15 22:49:06,585 [main] INFO Guidewire - ***** Edge Browser Launched ******
2020-10-15 23:11:47,350 [main] INFO Guidewire - ***** Chrome Browser Launched ******
2020-10-15 23:15:00,062 [main] INFO Guidewire - ***** Chrome Browser Launched ******
2020-10-15 23:15:06,189 [main] INFO Guidewire - ***** Chrome Browser Launched ******
2020-10-15 23:15:11,486 [main] INFO Guidewire - ***** Chrome Browser Launched ******
2020-10-15 23:15:54,894 [main] INFO Guidewire - ***** Chrome Browser Launched ******
2020-10-15 23:15:55,787 [main] INFO Guidewire - ***** Test Method Passed ******
2020-10-15 23:16:00,107 [main] INFO Guidewire - ***** Browser Closed ******
2020-10-15 23:16:05,506 [main] INFO Guidewire - ***** Chrome Browser Launched ******
2020-10-15 23:16:05,508 [main] INFO Guidewire - ***** Test Method Passed ******
2020-10-15 23:16:05,604 [main] INFO Guidewire - ***** Browser Closed ******
2020-10-15 23:16:10,777 [main] INFO Guidewire - ***** Chrome Browser Launched ******
2020-10-15 23:16:10,780 [main] INFO Guidewire - ***** Test Method Passed ******
2020-10-15 23:16:10,892 [main] INFO Guidewire - ***** Browser Closed ******
2020-10-15 23:36:16,089 [main] INFO Guidewire - ***** Chrome Browser Launched ******
2020-10-15 23:36:17,313 [main] INFO Guidewire - ***** Test Method Passed ******
2020-10-15 23:36:17,490 [main] INFO Guidewire - ***** Browser Closed ******
2020-10-15 23:45:55,573 [pool-1-thread-1] INFO Guidewire - ***** Chrome Browser Launched ******
2020-10-15 23:45:56,475 [pool-1-thread-1] INFO Guidewire - ***** Test Method Passed ******
2020-10-15 23:46:00,810 [pool-1-thread-1] INFO Guidewire - ***** Browser Closed ******
2020-10-15 23:46:39,398 [pool-1-thread-2] INFO Guidewire - ***** Chrome Browser Launched ******
2020-10-15 23:46:39,398 [pool-1-thread-1] INFO Guidewire - ***** Chrome Browser Launched ******
2020-10-15 23:46:40,634 [pool-1-thread-1] INFO Guidewire - ***** Test Method Passed ******
2020-10-15 23:46:40,634 [pool-1-thread-2] INFO Guidewire - ***** Test Method failed ******
2020-10-15 23:46:41,005 [pool-1-thread-1] INFO Guidewire - ***** Browser Closed ******
2020-10-15 23:46:46,459 [pool-1-thread-1] INFO Guidewire - ***** Chrome Browser Launched ******
2020-10-15 23:46:46,462 [pool-1-thread-1] INFO Guidewire - ***** Test Method Passed ******
2020-10-15 23:46:46,572 [pool-1-thread-1] INFO Guidewire - ***** Browser Closed ******
2020-10-15 23:46:51,908 [pool-1-thread-1] INFO Guidewire - ***** Chrome Browser Launched ******
2020-10-15 23:46:51,910 [pool-1-thread-1] INFO Guidewire - ***** Test Method Passed ******
2020-10-15 23:46:51,995 [pool-1-thread-1] INFO Guidewire - ***** Browser Closed ******
2020-10-15 23:48:10,244 [main] INFO Guidewire - ***** Chrome Browser Launched ******
2020-10-15 23:48:11,173 [main] INFO Guidewire - ***** Test Method Passed ******
2020-10-15 23:48:15,494 [main] INFO Guidewire - ***** Browser Closed ******
2020-10-15 23:48:20,975 [main] INFO Guidewire - ***** Chrome Browser Launched ******
2020-10-15 23:48:21,882 [main] INFO Guidewire - ***** Test Method Passed ******
2020-10-15 23:48:26,202 [main] INFO Guidewire - ***** Browser Closed ******
2020-10-15 23:48:31,413 [main] INFO Guidewire - ***** Chrome Browser Launched ******
2020-10-15 23:48:32,391 [main] INFO Guidewire - ***** Test Method Passed ******
2020-10-15 23:48:36,709 [main] INFO Guidewire - ***** Browser Closed ******
2020-10-15 23:48:57,530 [pool-1-thread-3] INFO Guidewire - ***** Chrome Browser Launched ******
2020-10-15 23:48:57,530 [pool-1-thread-2] INFO Guidewire - ***** Chrome Browser Launched ******
2020-10-15 23:48:57,530 [pool-1-thread-1] INFO Guidewire - ***** Chrome Browser Launched ******
2020-10-15 23:48:57,991 [pool-1-thread-4] INFO Guidewire - ***** Chrome Browser Launched ******
2020-10-15 23:48:59,783 [pool-1-thread-3] INFO Guidewire - ***** Test Method failed ******
2020-10-15 23:48:59,785 [pool-1-thread-1] INFO Guidewire - ***** Test Method failed ******
2020-10-15 23:48:59,790 [pool-1-thread-4] INFO Guidewire - ***** Test Method failed ******
2020-10-15 23:48:59,796 [pool-1-thread-2] INFO Guidewire - ***** Test Method Passed ******
2020-10-15 23:49:00,972 [pool-1-thread-2] INFO Guidewire - ***** Browser Closed ******
2020-10-15 23:49:06,426 [pool-1-thread-1] INFO Guidewire - ***** Chrome Browser Launched ******
2020-10-15 23:49:06,429 [pool-1-thread-1] INFO Guidewire - ***** Test Method Passed ******
2020-10-15 23:49:06,621 [pool-1-thread-3] INFO Guidewire - ***** Chrome Browser Launched ******
2020-10-15 23:49:06,624 [pool-1-thread-3] INFO Guidewire - ***** Test Method Passed ******
2020-10-15 23:49:06,739 [pool-1-thread-1] INFO Guidewire - ***** Browser Closed ******
2020-10-15 23:49:07,321 [pool-1-thread-3] INFO Guidewire - ***** Browser Closed ******
2020-10-15 23:49:12,020 [pool-1-thread-1] INFO Guidewire - ***** Chrome Browser Launched ******
2020-10-15 23:49:12,025 [pool-1-thread-1] INFO Guidewire - ***** Test Method Passed ******
2020-10-15 23:49:12,108 [pool-1-thread-1] INFO Guidewire - ***** Browser Closed ******
2020-10-15 23:49:12,985 [pool-1-thread-3] INFO Guidewire - ***** Chrome Browser Launched ******
2020-10-15 23:49:12,988 [pool-1-thread-3] INFO Guidewire - ***** Test Method Passed ******
2020-10-15 23:49:13,089 [pool-1-thread-3] INFO Guidewire - ***** Browser Closed ******
2020-10-16 12:30:31,604 [pool-1-thread-2] INFO Guidewire - ***** Chrome Browser Launched ******
2020-10-16 12:30:31,728 [pool-1-thread-3] INFO Guidewire - ***** Chrome Browser Launched ******
2020-10-16 12:30:31,836 [pool-1-thread-1] INFO Guidewire - ***** Chrome Browser Launched ******
2020-10-16 12:30:36,009 [pool-1-thread-2] INFO Guidewire - ***** Test Method failed ******
2020-10-16 12:30:36,013 [pool-1-thread-1] INFO Guidewire - ***** Test Method failed ******
2020-10-16 12:30:40,857 [pool-1-thread-3] INFO Guidewire - ***** Test Method failed ******
2020-10-16 12:30:45,937 [pool-1-thread-2] INFO Guidewire - ***** Browser Closed ******
2020-10-16 12:42:54,286 [pool-1-thread-2] INFO Guidewire - ***** Edge Browser Launched ******
2020-10-16 12:42:54,337 [pool-1-thread-1] INFO Guidewire - ***** Edge Browser Launched ******
2020-10-16 12:42:57,544 [pool-1-thread-2] INFO Guidewire - ***** Test Method Passed ******
2020-10-16 12:42:57,552 [pool-1-thread-1] INFO Guidewire - ***** Test Method failed ******
2020-10-16 12:42:57,831 [pool-1-thread-2] INFO Guidewire - ***** Browser Closed ******
2020-10-16 12:43:00,993 [pool-1-thread-1] INFO Guidewire - ***** Edge Browser Launched ******
2020-10-16 12:43:00,997 [pool-1-thread-1] INFO Guidewire - ***** Test Method Passed ******
2020-10-16 12:43:01,093 [pool-1-thread-1] INFO Guidewire - ***** Browser Closed ******
2020-10-16 12:43:04,333 [pool-1-thread-1] INFO Guidewire - ***** Edge Browser Launched ******
2020-10-16 12:43:04,337 [pool-1-thread-1] INFO Guidewire - ***** Test Method Passed ******
2020-10-16 12:43:04,441 [pool-1-thread-1] INFO Guidewire - ***** Browser Closed ******
2020-10-16 21:24:50,854 [TestNG] INFO Guidewire - ***** Edge Browser Launched ******
2020-10-16 21:24:54,890 [TestNG] INFO Guidewire - ***** Test Method Passed ******
2020-10-16 21:24:54,950 [TestNG] INFO Guidewire - ***** Chrome Browser Launched ******
2020-10-16 21:24:55,250 [TestNG] INFO Guidewire - ***** Browser Closed ******
2020-10-16 21:24:56,698 [TestNG] INFO Guidewire - ***** Test Method Passed ******
2020-10-16 21:24:56,921 [TestNG] INFO Guidewire - ***** Browser Closed ******
2020-10-16 21:27:14,002 [main] INFO Guidewire - ***** Edge Browser Launched ******
2020-10-16 21:27:15,522 [main] INFO Guidewire - ***** Test Method Passed ******
2020-10-16 21:27:19,645 [main] INFO Guidewire - ***** Browser Closed ******
2020-10-16 21:31:10,970 [main] INFO Guidewire - ***** Edge Browser Launched ******
2020-10-16 21:31:10,978 [main] INFO Guidewire - ***** Test Method Passed ******
2020-10-16 21:31:11,079 [main] INFO Guidewire - ***** Browser Closed ******
2020-10-16 21:31:14,228 [main] INFO Guidewire - ***** Edge Browser Launched ******
2020-10-16 21:31:14,230 [main] INFO Guidewire - ***** Test Method Passed ******
2020-10-16 21:31:14,330 [main] INFO Guidewire - ***** Browser Closed ******
2020-10-16 21:31:17,581 [main] INFO Guidewire - ***** Edge Browser Launched ******
2020-10-16 21:31:17,584 [main] INFO Guidewire - ***** Test Method Passed ******
2020-10-16 21:31:17,680 [main] INFO Guidewire - ***** Browser Closed ******
2020-10-16 22:02:44,331 [main] INFO Guidewire - ***** Edge Browser Launched ******
2020-10-16 22:02:45,806 [main] INFO Guidewire - ***** Test Method Passed ******
2020-10-16 22:02:45,971 [main] INFO Guidewire - ***** Browser Closed ******
2020-10-16 22:02:49,407 [main] INFO Guidewire - ***** Edge Browser Launched ******
2020-10-16 22:02:50,889 [main] INFO Guidewire - ***** Test Method Passed ******
2020-10-16 22:02:55,217 [main] INFO Guidewire - ***** Browser Closed ******
2020-10-16 22:02:58,407 [main] INFO Guidewire - ***** Edge Browser Launched ******
2020-10-16 22:03:00,384 [main] INFO Guidewire - ***** Test Method Passed ******
2020-10-16 22:03:00,540 [main] INFO Guidewire - ***** Browser Closed ******
2020-10-17 15:03:10,092 [main] INFO Guidewire - ***** Edge Browser Launched ******
2020-10-17 15:03:22,058 [main] INFO Guidewire - ***** Test Method failed ******
2020-10-17 15:06:06,104 [main] INFO Guidewire - ***** Edge Browser Launched ******
2020-10-17 15:06:20,834 [main] INFO Guidewire - ***** Test Method failed ******
2020-10-17 15:07:48,443 [main] INFO Guidewire - ***** Edge Browser Launched ******
2020-10-17 15:07:56,530 [main] INFO Guidewire - ***** Test Method failed ******
2020-10-17 15:13:07,044 [main] INFO Guidewire - ***** Edge Browser Launched ******
2020-10-17 15:13:17,380 [main] INFO Guidewire - ***** Test Method failed ******
2020-10-17 15:16:06,160 [main] INFO Guidewire - ***** Chrome Browser Launched ******
2020-10-17 15:16:22,613 [main] INFO Guidewire - ***** Test Method failed ******
2020-10-17 15:20:59,932 [main] INFO Guidewire - ***** Edge Browser Launched ******
2020-10-17 15:21:11,477 [main] INFO Guidewire - ***** Test Method failed ******
2020-10-17 15:27:59,778 [main] INFO Guidewire - ***** Edge Browser Launched ******
2020-10-17 15:28:12,136 [main] INFO Guidewire - ***** Test Method failed ******
2020-10-17 15:33:43,029 [main] INFO Guidewire - ***** Edge Browser Launched ******
2020-10-17 15:34:31,343 [main] INFO Guidewire - ***** Test Method failed ******
2020-10-17 15:35:04,592 [main] INFO Guidewire - ***** Edge Browser Launched ******
2020-10-17 15:35:30,318 [main] INFO Guidewire - ***** Test Method failed ******
2020-10-17 15:37:38,451 [main] INFO Guidewire - ***** Edge Browser Launched ******
2020-10-17 15:37:48,194 [main] INFO Guidewire - ***** Test Method failed ******
2020-10-18 10:46:42,509 [main] INFO Guidewire - ***** Edge Browser Launched ******
2020-10-18 10:47:00,553 [main] INFO Guidewire - ***** Test Method failed ******
2020-10-18 10:52:09,872 [main] INFO Guidewire - ***** Edge Browser Launched ******
2020-10-18 10:52:19,691 [main] INFO Guidewire - ***** Test Method failed ******
2020-10-18 10:53:26,985 [main] INFO Guidewire - ***** Edge Browser Launched ******
2020-10-18 10:53:35,945 [main] INFO Guidewire - ***** Test Method failed ******
2020-10-18 11:00:48,030 [main] INFO Guidewire - ***** Edge Browser Launched ******
2020-10-18 11:00:57,141 [main] INFO Guidewire - ***** Test Method failed ******
2020-10-18 11:02:50,094 [main] INFO Guidewire - ***** Edge Browser Launched ******
2020-10-18 11:02:57,993 [main] INFO Guidewire - ***** Test Method failed ******
2020-10-18 11:06:14,310 [main] INFO Guidewire - ***** Edge Browser Launched ******
2020-10-18 11:06:28,252 [main] INFO Guidewire - ***** Test Method failed ******
2020-10-18 11:11:27,641 [main] INFO Guidewire - ***** Edge Browser Launched ******
2020-10-18 11:11:50,288 [main] INFO Guidewire - ***** Test Method failed ******
2020-10-18 11:17:00,059 [main] INFO Guidewire - ***** Edge Browser Launched ******
2020-10-18 11:17:17,099 [main] INFO Guidewire - ***** Test Method failed ******
2020-10-18 11:21:55,838 [main] INFO Guidewire - ***** Edge Browser Launched ******
2020-10-18 11:22:20,220 [main] INFO Guidewire - ***** Test Method failed ******
2020-10-18 11:23:44,254 [main] INFO Guidewire - ***** Edge Browser Launched ******
2020-10-18 11:24:11,098 [main] INFO Guidewire - ***** Test Method failed ******
2020-10-18 11:25:53,967 [main] INFO Guidewire - ***** Edge Browser Launched ******
2020-10-18 11:26:04,676 [main] INFO Guidewire - ***** Test Method failed ******
2020-10-18 11:28:11,736 [main] INFO Guidewire - ***** Edge Browser Launched ******
2020-10-18 11:28:27,701 [main] INFO Guidewire - ***** Test Method failed ******
2020-10-18 11:30:18,053 [main] INFO Guidewire - ***** Edge Browser Launched ******
2020-10-18 11:30:33,289 [main] INFO Guidewire - ***** Test Method failed ******
2020-10-18 11:36:26,132 [main] INFO Guidewire - ***** Edge Browser Launched ******
2020-10-18 11:36:38,193 [main] INFO Guidewire - ***** Test Method failed ******
2020-10-18 11:40:11,610 [main] INFO Guidewire - ***** Edge Browser Launched ******
2020-10-18 11:40:24,003 [main] INFO Guidewire - ***** Test Method failed ******
2020-10-18 11:42:26,648 [main] INFO Guidewire - ***** Edge Browser Launched ******
2020-10-18 11:42:39,582 [main] INFO Guidewire - ***** Test Method failed ******
2020-10-18 11:43:56,880 [main] INFO Guidewire - ***** Edge Browser Launched ******
2020-10-18 11:44:10,471 [main] INFO Guidewire - ***** Test Method failed ******
2020-10-18 11:46:46,497 [main] INFO Guidewire - ***** Edge Browser Launched ******
2020-10-18 11:46:59,896 [main] INFO Guidewire - ***** Test Method failed ******
2020-10-18 11:55:08,389 [main] INFO Guidewire - ***** Edge Browser Launched ******
2020-10-18 12:00:10,610 [main] INFO Guidewire - ***** Test Method failed ******
2020-10-18 12:13:58,199 [main] INFO Guidewire - ***** Edge Browser Launched ******
2020-10-18 12:14:22,703 [main] INFO Guidewire - ***** Test Method failed ******
2020-10-18 12:15:11,148 [main] INFO Guidewire - ***** Edge Browser Launched ******
2020-10-18 12:15:36,131 [main] INFO Guidewire - ***** Test Method failed ******
2020-10-18 12:17:03,312 [main] INFO Guidewire - ***** Edge Browser Launched ******
2020-10-18 12:17:17,323 [main] INFO Guidewire - ***** Test Method failed ******
2020-10-18 12:34:09,543 [main] INFO Guidewire - ***** Edge Browser Launched ******
2020-10-18 12:34:18,974 [main] INFO Guidewire - ***** Test Method failed ******
2020-10-18 12:37:10,394 [main] INFO Guidewire - ***** Edge Browser Launched ******
2020-10-18 12:37:18,911 [main] INFO Guidewire - ***** Test Method failed ******
2020-10-18 12:39:26,033 [main] INFO Guidewire - ***** Edge Browser Launched ******
2020-10-18 12:39:35,773 [main] INFO Guidewire - ***** Test Method failed ******
2020-10-18 12:45:14,456 [main] INFO Guidewire - ***** Chrome Browser Launched ******
2020-10-18 12:46:48,372 [main] INFO Guidewire - ***** Test Method failed ******
2020-10-18 12:50:26,989 [main] INFO Guidewire - ***** Chrome Browser Launched ******
2020-10-18 12:51:09,579 [main] INFO Guidewire - ***** Test Method failed ******
2020-10-19 16:27:31,113 [main] INFO Guidewire - ***** Chrome Browser Launched ******
2020-10-19 16:27:32,993 [main] INFO Guidewire - ***** Test Method Passed ******
2020-10-19 16:27:37,346 [main] INFO Guidewire - ***** Browser Closed ******
2020-10-19 16:27:42,965 [main] INFO Guidewire - ***** Chrome Browser Launched ******
2020-10-19 16:27:43,978 [main] INFO Guidewire - ***** Test Method Passed ******
2020-10-19 16:27:48,175 [main] INFO Guidewire - ***** Browser Closed ******
2020-10-19 16:27:53,589 [main] INFO Guidewire - ***** Chrome Browser Launched ******
2020-10-19 16:27:54,523 [main] INFO Guidewire - ***** Test Method Passed ******
2020-10-19 16:27:58,852 [main] INFO Guidewire - ***** Browser Closed ******
2020-10-19 16:30:25,992 [main] INFO Guidewire - ***** Chrome Browser Launched ******
2020-10-19 16:30:32,078 [main] INFO Guidewire - ***** Test Method failed ******
2020-10-19 16:30:36,904 [main] INFO Guidewire - ***** Browser Closed ******
2020-10-19 16:30:42,499 [main] INFO Guidewire - ***** Chrome Browser Launched ******
2020-10-19 16:30:48,443 [main] INFO Guidewire - ***** Test Method failed ******
2020-10-19 16:30:53,051 [main] INFO Guidewire - ***** Browser Closed ******
2020-10-19 16:30:58,421 [main] INFO Guidewire - ***** Chrome Browser Launched ******
2020-10-19 16:31:04,411 [main] INFO Guidewire - ***** Test Method failed ******
2020-10-19 16:31:09,002 [main] INFO Guidewire - ***** Browser Closed ******
2020-10-19 16:51:19,133 [main] INFO Guidewire - ***** Chrome Browser Launched ******
2020-10-19 16:51:20,094 [main] INFO Guidewire - ***** Test Method Passed ******
2020-10-19 16:51:24,222 [main] INFO Guidewire - ***** Browser Closed ******
2020-10-19 16:51:44,224 [main] INFO Guidewire - ***** Chrome Browser Launched ******
2020-10-19 16:51:45,242 [main] INFO Guidewire - ***** Test Method Passed ******
2020-10-19 16:51:49,563 [main] INFO Guidewire - ***** Browser Closed ******
2020-10-19 16:52:20,706 [main] INFO Guidewire - ***** Chrome Browser Launched ******
2020-10-19 16:52:26,815 [main] INFO Guidewire - ***** Test Method failed ******
2020-10-19 16:52:31,449 [main] INFO Guidewire - ***** Browser Closed ******
2020-10-19 21:57:14,148 [main] INFO Guidewire - ***** Chrome Browser Launched ******
2020-10-19 21:57:15,069 [main] INFO Guidewire - ***** Test Method Passed ******
2020-10-19 21:57:19,377 [main] INFO Guidewire - ***** Browser Closed ******
2020-10-19 21:57:24,840 [main] INFO Guidewire - ***** Chrome Browser Launched ******
2020-10-19 21:57:25,899 [main] INFO Guidewire - ***** Test Method Passed ******
2020-10-19 21:57:26,067 [main] INFO Guidewire - ***** Browser Closed ******
2020-10-19 21:57:31,377 [main] INFO Guidewire - ***** Chrome Browser Launched ******
2020-10-19 21:57:32,286 [main] INFO Guidewire - ***** Test Method Passed ******
2020-10-19 21:57:36,604 [main] INFO Guidewire - ***** Browser Closed ******
2020-10-19 21:59:08,165 [main] INFO Guidewire - ***** Chrome Browser Launched ******
2020-10-19 21:59:09,354 [main] INFO Guidewire - ***** Test Method Passed ******
2020-10-19 21:59:13,465 [main] INFO Guidewire - ***** Browser Closed ******
2020-10-19 21:59:18,822 [main] INFO Guidewire - ***** Chrome Browser Launched ******
2020-10-19 21:59:24,726 [main] INFO Guidewire - ***** Test Method failed ******
2020-10-19 21:59:29,333 [main] INFO Guidewire - ***** Browser Closed ******
2020-10-19 21:59:34,576 [main] INFO Guidewire - ***** Chrome Browser Launched ******
2020-10-19 21:59:40,520 [main] INFO Guidewire - ***** Test Method failed ******
2020-10-19 21:59:45,114 [main] INFO Guidewire - ***** Browser Closed ******
2020-10-19 22:14:27,754 [main] INFO Guidewire - ***** Chrome Browser Launched ******
2020-10-19 22:14:34,209 [main] INFO Guidewire - ***** Test Method failed ******
2020-10-19 22:14:38,881 [main] INFO Guidewire - ***** Browser Closed ******
2020-10-19 22:15:33,556 [main] INFO Guidewire - ***** Chrome Browser Launched ******
2020-10-19 22:15:40,011 [main] INFO Guidewire - ***** Test Method failed ******
2020-10-19 22:15:44,659 [main] INFO Guidewire - ***** Browser Closed ******
2020-10-19 22:16:52,496 [main] INFO Guidewire - ***** Chrome Browser Launched ******
2020-10-19 22:17:00,040 [main] INFO Guidewire - ***** Test Method failed ******
2020-10-19 22:17:04,694 [main] INFO Guidewire - ***** Browser Closed ******
2020-10-19 22:27:28,929 [main] INFO Guidewire - ***** Chrome Browser Launched ******
2020-10-19 22:27:32,819 [main] INFO Guidewire - ***** Test Method Passed ******
2020-10-19 22:27:37,144 [main] INFO Guidewire - ***** Browser Closed ******
2020-10-19 22:27:52,652 [main] INFO Guidewire - ***** Test Method Passed ******
2020-10-19 22:27:57,865 [main] INFO Guidewire - ***** Chrome Browser Launched ******
2020-10-19 22:27:57,867 [main] INFO Guidewire - ***** Test Method Passed ******
2020-10-19 22:27:57,978 [main] INFO Guidewire - ***** Browser Closed ******
2020-10-19 22:30:33,932 [main] INFO Guidewire - ***** Chrome Browser Launched ******
2020-10-19 22:30:41,403 [main] INFO Guidewire - ***** Test Method failed ******
2020-10-19 22:30:46,038 [main] INFO Guidewire - ***** Browser Closed ******
2020-10-19 22:33:59,108 [main] INFO Guidewire - ***** Edge Browser Launched ******
2020-10-19 22:34:07,111 [main] INFO Guidewire - ***** Test Method failed ******
2020-10-19 22:34:11,744 [main] INFO Guidewire - ***** Browser Closed ******
2020-10-19 22:35:34,770 [main] INFO Guidewire - ***** Edge Browser Launched ******
2020-10-19 22:35:43,064 [main] INFO Guidewire - ***** Test Method failed ******
2020-10-19 22:35:47,679 [main] INFO Guidewire - ***** Browser Closed ******
2020-10-19 22:41:02,342 [main] INFO Guidewire - ***** Firefox Browser Launched ******
2020-10-19 22:41:07,238 [main] INFO Guidewire - ***** Test Method Passed ******
2020-10-19 22:41:09,069 [main] INFO Guidewire - ***** Browser Closed ******
2020-10-19 22:42:06,832 [main] INFO Guidewire - ***** Firefox Browser Launched ******
2020-10-19 22:42:10,558 [main] INFO Guidewire - ***** Test Method Passed ******
2020-10-19 22:42:12,334 [main] INFO Guidewire - ***** Browser Closed ******
2020-10-19 22:44:44,437 [main] INFO Guidewire - ***** Firefox Browser Launched ******
2020-10-19 22:44:48,533 [main] INFO Guidewire - ***** Test Method Passed ******
2020-10-19 22:44:50,308 [main] INFO Guidewire - ***** Browser Closed ******
2020-10-19 22:45:18,965 [main] INFO Guidewire - ***** Firefox Browser Launched ******
2020-10-19 22:45:23,113 [main] INFO Guidewire - ***** Test Method Passed ******
2020-10-19 22:45:24,809 [main] INFO Guidewire - ***** Browser Closed ******
2020-10-19 22:46:52,208 [main] INFO Guidewire - ***** Firefox Browser Launched ******
2020-10-19 22:46:56,278 [main] INFO Guidewire - ***** Test Method Passed ******
2020-10-19 22:46:58,136 [main] INFO Guidewire - ***** Browser Closed ******
2020-10-19 22:48:43,422 [main] INFO Guidewire - ***** Firefox Browser Launched ******
2020-10-19 22:48:54,121 [main] INFO Guidewire - ***** Test Method failed ******
2020-10-19 23:03:01,366 [main] INFO Guidewire - ***** Firefox Browser Launched ******
2020-10-19 23:03:03,784 [main] INFO Guidewire - ***** Test Method Passed ******
2020-10-19 23:03:05,315 [main] INFO Guidewire - ***** Browser Closed ******
2020-10-19 23:03:09,214 [main] INFO Guidewire - ***** Firefox Browser Launched ******
2020-10-19 23:03:16,528 [main] INFO Guidewire - ***** Test Method failed ******
2020-10-19 23:03:20,351 [main] INFO Guidewire - ***** Firefox Browser Launched ******
2020-10-19 23:03:20,353 [main] INFO Guidewire - ***** Test Method Passed ******
2020-10-19 23:03:24,058 [main] INFO Guidewire - ***** Browser Closed ******
2020-10-19 23:07:43,413 [main] INFO Guidewire - ***** Firefox Browser Launched ******
2020-10-19 23:07:46,042 [main] INFO Guidewire - ***** Test Method Passed ******
2020-10-19 23:07:47,589 [main] INFO Guidewire - ***** Browser Closed ******
2020-10-19 23:07:51,518 [main] INFO Guidewire - ***** Firefox Browser Launched ******
2020-10-19 23:07:58,486 [main] INFO Guidewire - ***** Test Method failed ******
2020-10-19 23:07:59,802 [main] INFO Guidewire - ***** Browser Closed ******
2020-10-19 23:08:03,533 [main] INFO Guidewire - ***** Firefox Browser Launched ******
2020-10-19 23:08:10,735 [main] INFO Guidewire - ***** Test Method failed ******
2020-10-19 23:08:12,011 [main] INFO Guidewire - ***** Browser Closed ******
2020-10-19 23:12:03,279 [main] INFO Guidewire - ***** Firefox Browser Launched ******
2020-10-19 23:12:10,676 [main] INFO Guidewire - ***** Test Method failed ******
2020-10-19 23:14:09,448 [main] INFO Guidewire - ***** Firefox Browser Launched ******
2020-10-19 23:14:16,682 [main] INFO Guidewire - ***** Test Method failed ******
2020-10-19 23:14:17,889 [main] INFO Guidewire - ***** Browser Closed ******
2020-10-19 23:15:48,085 [main] INFO Guidewire - ***** Firefox Browser Launched ******
2020-10-19 23:15:55,232 [main] INFO Guidewire - ***** Test Method failed ******
2020-10-19 23:15:56,594 [main] INFO Guidewire - ***** Browser Closed ******
2020-10-19 23:20:43,662 [main] INFO Guidewire - ***** Firefox Browser Launched ******
2020-10-19 23:20:50,934 [main] INFO Guidewire - ***** Test Method failed ******
2020-10-19 23:20:52,512 [main] INFO Guidewire - ***** Browser Closed ******
2020-10-19 23:22:46,441 [main] INFO Guidewire - ***** Firefox Browser Launched ******
2020-10-19 23:22:54,069 [main] INFO Guidewire - ***** Test Method failed ******
2020-10-19 23:22:55,576 [main] INFO Guidewire - ***** Browser Closed ******
2020-10-19 23:27:30,429 [main] INFO Guidewire - ***** Firefox Browser Launched ******
2020-10-19 23:27:37,823 [main] INFO Guidewire - ***** Test Method failed ******
2020-10-19 23:29:15,456 [main] INFO Guidewire - ***** Firefox Browser Launched ******
2020-10-19 23:29:22,782 [main] INFO Guidewire - ***** Test Method failed ******
2020-10-19 23:29:24,188 [main] INFO Guidewire - ***** Browser Closed ******
2020-10-19 23:30:41,407 [main] INFO Guidewire - ***** Firefox Browser Launched ******
2020-10-19 23:30:48,752 [main] INFO Guidewire - ***** Test Method failed ******
2020-10-19 23:30:50,112 [main] INFO Guidewire - ***** Browser Closed ******
2020-10-19 23:32:32,086 [main] INFO Guidewire - ***** Firefox Browser Launched ******
2020-10-19 23:32:39,580 [main] INFO Guidewire - ***** Test Method failed ******
2020-10-19 23:32:40,841 [main] INFO Guidewire - ***** Browser Closed ******
2020-10-19 23:34:30,446 [main] INFO Guidewire - ***** Firefox Browser Launched ******
2020-10-19 23:34:37,751 [main] INFO Guidewire - ***** Test Method failed ******
2020-10-19 23:34:39,083 [main] INFO Guidewire - ***** Browser Closed ******
2020-10-19 23:39:39,520 [main] INFO Guidewire - ***** Firefox Browser Launched ******
2020-10-19 23:39:46,736 [main] INFO Guidewire - ***** Test Method failed ******
2020-10-19 23:39:48,142 [main] INFO Guidewire - ***** Browser Closed ******
2020-10-19 23:40:22,354 [main] INFO Guidewire - ***** Firefox Browser Launched ******
2020-10-19 23:40:29,921 [main] INFO Guidewire - ***** Test Method failed ******
2020-10-19 23:40:31,507 [main] INFO Guidewire - ***** Browser Closed ******
2020-10-19 23:43:44,472 [main] INFO Guidewire - ***** Firefox Browser Launched ******
2020-10-19 23:43:51,682 [main] INFO Guidewire - ***** Test Method failed ******
2020-10-19 23:43:53,048 [main] INFO Guidewire - ***** Browser Closed ******
2020-10-19 23:45:11,422 [main] INFO Guidewire - ***** Firefox Browser Launched ******
2020-10-19 23:45:18,783 [main] INFO Guidewire - ***** Test Method failed ******
2020-10-19 23:45:20,044 [main] INFO Guidewire - ***** Browser Closed ******
2020-10-19 23:47:26,237 [main] INFO Guidewire - ***** Firefox Browser Launched ******
2020-10-19 23:47:33,641 [main] INFO Guidewire - ***** Test Method failed ******
2020-10-19 23:47:35,026 [main] INFO Guidewire - ***** Browser Closed ******
2020-10-19 23:50:13,060 [main] INFO Guidewire - ***** Firefox Browser Launched ******
2020-10-19 23:50:20,425 [main] INFO Guidewire - ***** Test Method failed ******
2020-10-19 23:50:21,805 [main] INFO Guidewire - ***** Browser Closed ******
2020-10-19 23:52:46,496 [main] INFO Guidewire - ***** Firefox Browser Launched ******
2020-10-19 23:52:53,991 [main] INFO Guidewire - ***** Test Method failed ******
2020-10-19 23:52:55,291 [main] INFO Guidewire - ***** Browser Closed ******
2020-10-19 23:57:51,640 [main] INFO Guidewire - ***** Firefox Browser Launched ******
2020-10-19 23:57:59,129 [main] INFO Guidewire - ***** Test Method failed ******
2020-10-19 23:58:00,591 [main] INFO Guidewire - ***** Browser Closed ******
2020-10-20 00:01:39,052 [main] INFO Guidewire - ***** Firefox Browser Launched ******
2020-10-20 00:01:46,522 [main] INFO Guidewire - ***** Test Method failed ******
2020-10-20 00:01:47,906 [main] INFO Guidewire - ***** Browser Closed ******
2020-10-20 00:06:37,323 [main] INFO Guidewire - ***** Firefox Browser Launched ******
2020-10-20 00:06:44,711 [main] INFO Guidewire - ***** Test Method failed ******
2020-10-20 00:06:46,372 [main] INFO Guidewire - ***** Browser Closed ******
2020-10-20 00:09:41,085 [main] INFO Guidewire - ***** Test Method Passed ******
2020-10-20 00:10:28,615 [main] INFO Guidewire - ***** Edge Browser Launched ******
2020-10-20 00:10:35,217 [main] INFO Guidewire - ***** Test Method failed ******
2020-10-20 00:10:39,824 [main] INFO Guidewire - ***** Browser Closed ******
2020-10-20 00:14:42,845 [main] INFO Guidewire - ***** Test Method Passed ******
2020-10-20 00:15:08,192 [main] INFO Guidewire - ***** Edge Browser Launched ******
2020-10-20 00:15:14,994 [main] INFO Guidewire - ***** Test Method failed ******
2020-10-20 00:15:19,626 [main] INFO Guidewire - ***** Browser Closed ******
2020-10-20 00:17:15,158 [main] INFO Guidewire - ***** Edge Browser Launched ******
2020-10-20 00:17:21,726 [main] INFO Guidewire - ***** Test Method failed ******
2020-10-20 00:17:26,359 [main] INFO Guidewire - ***** Browser Closed ******
2020-10-20 00:22:37,910 [main] INFO Guidewire - ***** Edge Browser Launched ******
2020-10-20 00:22:39,647 [main] INFO Guidewire - ***** Test Method Passed ******
2020-10-20 00:22:39,864 [main] INFO Guidewire - ***** Browser Closed ******
2020-10-20 00:22:43,354 [main] INFO Guidewire - ***** Edge Browser Launched ******
2020-10-20 00:22:49,944 [main] INFO Guidewire - ***** Test Method failed ******
2020-10-20 00:22:54,535 [main] INFO Guidewire - ***** Browser Closed ******
2020-10-20 00:22:57,787 [main] INFO Guidewire - ***** Edge Browser Launched ******
2020-10-20 00:23:04,242 [main] INFO Guidewire - ***** Test Method failed ******
2020-10-20 00:23:08,835 [main] INFO Guidewire - ***** Browser Closed ******
2020-10-20 00:31:32,565 [main] INFO Guidewire - ***** Edge Browser Launched ******
2020-10-20 00:31:39,645 [main] INFO Guidewire - ***** Test Method failed ******
2020-10-20 00:31:44,264 [main] INFO Guidewire - ***** Browser Closed ******
2020-10-20 00:34:45,171 [main] INFO Guidewire - ***** Edge Browser Launched ******
2020-10-20 00:34:51,778 [main] INFO Guidewire - ***** Test Method failed ******
2020-10-20 00:34:56,423 [main] INFO Guidewire - ***** Browser Closed ******
2020-10-20 00:35:26,510 [main] INFO Guidewire - ***** Edge Browser Launched ******
2020-10-20 00:35:32,997 [main] INFO Guidewire - ***** Test Method failed ******
2020-10-20 00:35:37,605 [main] INFO Guidewire - ***** Browser Closed ******
2020-10-20 00:37:10,128 [main] INFO Guidewire - ***** Edge Browser Launched ******
2020-10-20 00:37:16,622 [main] INFO Guidewire - ***** Test Method failed ******
2020-10-20 00:37:21,268 [main] INFO Guidewire - ***** Browser Closed ******
2020-10-20 00:38:09,911 [main] INFO Guidewire - ***** Edge Browser Launched ******
2020-10-20 00:38:16,562 [main] INFO Guidewire - ***** Test Method failed ******
2020-10-20 00:38:21,184 [main] INFO Guidewire - ***** Browser Closed ******
2020-10-20 22:57:29,483 [main] INFO Guidewire - ***** Edge Browser Launched ******
2020-10-20 22:57:39,821 [main] INFO Guidewire - ***** Test Method failed ******
2020-10-20 22:57:45,450 [main] INFO Guidewire - ***** Browser Closed ******
2020-10-20 23:00:26,845 [main] INFO Guidewire - ***** Edge Browser Launched ******
2020-10-20 23:00:33,465 [main] INFO Guidewire - ***** Test Method failed ******
2020-10-20 23:00:38,068 [main] INFO Guidewire - ***** Browser Closed ******
2020-10-20 23:01:44,515 [main] INFO Guidewire - ***** Edge Browser Launched ******
2020-10-20 23:01:51,019 [main] INFO Guidewire - ***** Test Method failed ******
2020-10-20 23:01:55,648 [main] INFO Guidewire - ***** Browser Closed ******
2020-10-21 20:40:33,678 [main] INFO Guidewire - ***** Edge Browser Launched ******
2020-10-21 20:40:37,769 [main] INFO Guidewire - ***** Test Method failed ******
2020-10-21 20:40:38,302 [main] INFO Guidewire - ***** Browser Closed ******
2020-10-21 20:40:41,829 [main] INFO Guidewire - ***** Edge Browser Launched ******
2020-10-21 20:40:45,904 [main] INFO Guidewire - ***** Test Method failed ******
2020-10-21 20:40:46,339 [main] INFO Guidewire - ***** Browser Closed ******
2020-10-21 20:40:49,564 [main] INFO Guidewire - ***** Edge Browser Launched ******
2020-10-21 20:40:53,634 [main] INFO Guidewire - ***** Test Method failed ******
2020-10-21 20:40:54,037 [main] INFO Guidewire - ***** Browser Closed ******
2020-10-21 20:40:57,313 [main] INFO Guidewire - ***** Edge Browser Launched ******
2020-10-21 20:41:01,387 [main] INFO Guidewire - ***** Test Method failed ******
2020-10-21 20:41:01,812 [main] INFO Guidewire - ***** Browser Closed ******
2020-10-21 20:41:05,117 [main] INFO Guidewire - ***** Edge Browser Launched ******
2020-10-21 20:41:09,187 [main] INFO Guidewire - ***** Test Method failed ******
2020-10-21 20:41:09,578 [main] INFO Guidewire - ***** Browser Closed ******
2020-10-21 20:41:12,850 [main] INFO Guidewire - ***** Edge Browser Launched ******
2020-10-21 20:41:16,918 [main] INFO Guidewire - ***** Test Method failed ******
2020-10-21 20:41:17,350 [main] INFO Guidewire - ***** Browser Closed ******
2020-10-21 20:41:20,632 [main] INFO Guidewire - ***** Edge Browser Launched ******
2020-10-21 20:41:24,698 [main] INFO Guidewire - ***** Test Method failed ******
2020-10-21 20:41:25,085 [main] INFO Guidewire - ***** Browser Closed ******
2020-10-21 20:41:28,569 [main] INFO Guidewire - ***** Edge Browser Launched ******
2020-10-21 20:41:32,634 [main] INFO Guidewire - ***** Test Method failed ******
2020-10-21 20:41:33,046 [main] INFO Guidewire - ***** Browser Closed ******
2020-10-21 21:29:18,898 [main] INFO Guidewire - ***** Edge Browser Launched ******
2020-10-21 21:29:23,013 [main] INFO Guidewire - ***** Test Method failed ******
2020-10-21 21:29:23,432 [main] INFO Guidewire - ***** Browser Closed ******
2020-10-21 21:30:12,821 [main] INFO Guidewire - ***** Edge Browser Launched ******
2020-10-21 21:30:16,936 [main] INFO Guidewire - ***** Test Method failed ******
2020-10-21 21:30:17,373 [main] INFO Guidewire - ***** Browser Closed ******
2020-10-21 21:30:20,925 [main] INFO Guidewire - ***** Edge Browser Launched ******
2020-10-21 21:30:24,996 [main] INFO Guidewire - ***** Test Method failed ******
2020-10-21 21:30:25,376 [main] INFO Guidewire - ***** Browser Closed ******
2020-10-21 21:30:28,797 [main] INFO Guidewire - ***** Edge Browser Launched ******
2020-10-21 21:30:32,878 [main] INFO Guidewire - ***** Test Method failed ******
2020-10-21 21:30:33,275 [main] INFO Guidewire - ***** Browser Closed ******
2020-10-21 21:30:36,575 [main] INFO Guidewire - ***** Edge Browser Launched ******
2020-10-21 21:30:40,659 [main] INFO Guidewire - ***** Test Method failed ******
2020-10-21 21:30:41,086 [main] INFO Guidewire - ***** Browser Closed ******
2020-10-21 21:30:44,444 [main] INFO Guidewire - ***** Edge Browser Launched ******
2020-10-21 21:30:48,513 [main] INFO Guidewire - ***** Test Method failed ******
2020-10-21 21:30:48,898 [main] INFO Guidewire - ***** Browser Closed ******
2020-10-21 21:31:02,240 [main] INFO Guidewire - ***** Test Method Passed ******
2020-10-21 21:31:15,440 [main] INFO Guidewire - ***** Test Method Passed ******
2020-10-21 21:31:18,718 [main] INFO Guidewire - ***** Edge Browser Launched ******
2020-10-21 21:31:22,803 [main] INFO Guidewire - ***** Test Method failed ******
2020-10-21 21:31:23,214 [main] INFO Guidewire - ***** Browser Closed ******
2020-10-21 21:31:43,086 [main] INFO Guidewire - ***** Edge Browser Launched ******
2020-10-21 21:31:47,189 [main] INFO Guidewire - ***** Test Method failed ******
2020-10-21 21:31:47,628 [main] INFO Guidewire - ***** Browser Closed ******
2020-10-21 21:34:40,211 [main] INFO Guidewire - ***** Edge Browser Launched ******
2020-10-21 21:34:44,328 [main] INFO Guidewire - ***** Test Method failed ******
2020-10-21 21:34:44,783 [main] INFO Guidewire - ***** Browser Closed ******
2020-10-21 21:34:48,420 [TestNG-tests-1] INFO Guidewire - ***** Edge Browser Launched ******
2020-10-21 21:34:48,510 [TestNG-tests-2] INFO Guidewire - ***** Edge Browser Launched ******
2020-10-21 21:34:52,480 [TestNG-tests-1] INFO Guidewire - ***** Test Method failed ******
2020-10-21 21:34:52,582 [TestNG-tests-2] INFO Guidewire - ***** Test Method failed ******
2020-10-21 21:34:53,230 [TestNG-tests-1] INFO Guidewire - ***** Browser Closed ******
2020-10-21 23:33:11,771 [main] INFO Guidewire - ***** IE Browser Launched ******
2020-10-21 23:33:11,849 [main] INFO Guidewire - ***** Test Method failed ******
2020-10-21 23:33:16,269 [main] INFO Guidewire - ***** Browser Closed ******
2020-10-21 23:33:24,020 [main] INFO Guidewire - ***** IE Browser Launched ******
2020-10-21 23:37:23,940 [main] INFO Guidewire - ***** IE Browser Launched ******
2020-10-21 23:38:24,131 [main] INFO Guidewire - ***** Test Method failed ******
2020-10-21 23:42:24,047 [main] INFO Guidewire - ***** Test Method failed ******
2020-10-21 23:42:24,377 [main] INFO Guidewire - ***** Browser Closed ******
2020-10-21 23:42:27,657 [main] INFO Guidewire - ***** IE Browser Launched ******
2020-10-21 23:43:28,991 [main] INFO Guidewire - ***** Chrome Browser Launched ******
2020-10-21 23:43:30,212 [main] INFO Guidewire - ***** Test Method Passed ******
2020-10-21 23:43:34,557 [main] INFO Guidewire - ***** Browser Closed ******
2020-10-21 23:44:10,493 [main] INFO Guidewire - ***** IE Browser Launched ******
2020-10-21 23:44:52,009 [main] INFO Guidewire - ***** IE Browser Launched ******
2020-10-21 23:47:27,784 [main] INFO Guidewire - ***** Test Method failed ******
2020-10-21 23:47:28,073 [main] INFO Guidewire - ***** Browser Closed ******
2020-10-21 23:48:21,053 [main] INFO Guidewire - ***** IE Browser Launched ******
2020-10-21 23:49:10,615 [main] INFO Guidewire - ***** Test Method failed ******
2020-10-21 23:49:10,901 [main] INFO Guidewire - ***** Browser Closed ******
2020-10-21 23:49:46,521 [main] INFO Guidewire - ***** Edge Browser Launched ******
2020-10-21 23:49:48,509 [main] INFO Guidewire - ***** Test Method Passed ******
2020-10-21 23:49:48,642 [main] INFO Guidewire - ***** Browser Closed ******
2020-10-21 23:49:52,121 [main] INFO Guidewire - ***** Test Method failed ******
2020-10-21 23:49:52,288 [TestNG-tests-1] INFO Guidewire - ***** Edge Browser Launched ******
2020-10-21 23:49:52,401 [TestNG-tests-2] INFO Guidewire - ***** Edge Browser Launched ******
2020-10-21 23:49:55,992 [TestNG-tests-1] INFO Guidewire - ***** Test Method failed ******
2020-10-21 23:50:01,032 [TestNG-tests-2] INFO Guidewire - ***** Test Method failed ******
2020-10-21 23:50:05,832 [TestNG-tests-1] INFO Guidewire - ***** Browser Closed ******
2020-10-21 23:51:22,198 [main] INFO Guidewire - ***** Edge Browser Launched ******
2020-10-21 23:51:24,047 [main] INFO Guidewire - ***** Test Method Passed ******
2020-10-21 23:51:28,403 [main] INFO Guidewire - ***** Browser Closed ******
2020-10-21 23:51:32,151 [TestNG-tests-2] INFO Guidewire - ***** Edge Browser Launched ******
2020-10-21 23:51:32,324 [TestNG-tests-1] INFO Guidewire - ***** Edge Browser Launched ******
2020-10-21 23:51:35,415 [TestNG-tests-1] INFO Guidewire - ***** Test Method failed ******
2020-10-21 23:51:40,458 [TestNG-tests-2] INFO Guidewire - ***** Test Method failed ******
2020-10-21 23:51:45,295 [TestNG-tests-1] INFO Guidewire - ***** Browser Closed ******
2020-10-21 23:52:22,360 [main] INFO Guidewire - ***** Edge Browser Launched ******
2020-10-21 23:52:24,239 [main] INFO Guidewire - ***** Test Method Passed ******
2020-10-21 23:52:24,442 [main] INFO Guidewire - ***** Browser Closed ******
2020-10-21 23:52:27,867 [main] INFO Guidewire - ***** Edge Browser Launched ******
2020-10-21 23:52:34,526 [main] INFO Guidewire - ***** Test Method failed ******
2020-10-21 23:52:39,134 [main] INFO Guidewire - ***** Browser Closed ******
2020-10-21 23:52:42,459 [main] INFO Guidewire - ***** Edge Browser Launched ******
2020-10-21 23:52:49,056 [main] INFO Guidewire - ***** Test Method failed ******
2020-10-21 23:52:53,402 [main] INFO Guidewire - ***** Browser Closed ******
2020-10-21 23:52:56,667 [main] INFO Guidewire - ***** Edge Browser Launched ******
2020-10-21 23:52:58,422 [main] INFO Guidewire - ***** Test Method Passed ******
2020-10-21 23:52:58,614 [main] INFO Guidewire - ***** Browser Closed ******
2020-10-21 23:53:01,916 [main] INFO Guidewire - ***** Edge Browser Launched ******
2020-10-21 23:53:08,633 [main] INFO Guidewire - ***** Test Method Passed ******
2020-10-21 23:53:12,952 [main] INFO Guidewire - ***** Browser Closed ******
2020-10-21 23:53:16,152 [main] INFO Guidewire - ***** Edge Browser Launched ******
2020-10-21 23:53:20,654 [main] INFO Guidewire - ***** Test Method Passed ******
2020-10-21 23:53:21,120 [main] INFO Guidewire - ***** Test Method failed ******
2020-10-21 23:53:24,977 [main] INFO Guidewire - ***** Browser Closed ******
2020-10-21 23:53:28,215 [main] INFO Guidewire - ***** Edge Browser Launched ******
2020-10-21 23:53:31,606 [TestNG-tests-2] INFO Guidewire - ***** Edge Browser Launched ******
2020-10-21 23:53:31,637 [TestNG-tests-1] INFO Guidewire - ***** Edge Browser Launched ******
2020-10-21 23:53:35,182 [TestNG-tests-2] INFO Guidewire - ***** Test Method failed ******
2020-10-21 23:53:36,968 [main] INFO Guidewire - ***** Test Method failed ******
2020-10-21 23:53:40,220 [TestNG-tests-1] INFO Guidewire - ***** Test Method failed ******
2020-10-21 23:53:41,551 [main] INFO Guidewire - ***** Browser Closed ******
2020-10-21 23:53:44,757 [main] INFO Guidewire - ***** Edge Browser Launched ******
2020-10-21 23:53:45,013 [TestNG-tests-2] INFO Guidewire - ***** Browser Closed ******
2020-10-21 23:53:53,265 [main] INFO Guidewire - ***** Test Method failed ******
2020-10-21 23:53:57,858 [main] INFO Guidewire - ***** Browser Closed ******
2020-10-22 00:10:01,173 [main] INFO Guidewire - ***** Edge Browser Launched ******
2020-10-22 00:10:02,980 [main] INFO Guidewire - ***** Test Method Passed ******
2020-10-22 00:10:07,114 [main] INFO Guidewire - ***** Browser Closed ******
2020-10-22 00:10:59,120 [main] INFO Guidewire - ***** Edge Browser Launched ******
2020-10-22 00:11:05,728 [main] INFO Guidewire - ***** Test Method Passed ******
2020-10-22 00:11:10,054 [main] INFO Guidewire - ***** Browser Closed ******
2020-10-22 00:11:28,494 [main] INFO Guidewire - ***** Edge Browser Launched ******
2020-10-22 00:11:45,287 [main] INFO Guidewire - ***** Test Method failed ******
2020-10-22 00:11:49,914 [main] INFO Guidewire - ***** Browser Closed ******
2020-10-22 00:12:06,683 [main] INFO Guidewire - ***** Edge Browser Launched ******
2020-10-22 00:12:23,364 [main] INFO Guidewire - ***** Test Method failed ******
2020-10-22 00:12:27,973 [main] INFO Guidewire - ***** Browser Closed ******
2020-10-22 00:17:38,218 [main] INFO Guidewire - ***** Edge Browser Launched ******
2020-10-22 00:17:45,598 [main] INFO Guidewire - ***** Test Method failed ******
2020-10-22 00:18:01,814 [main] INFO Guidewire - ***** Edge Browser Launched ******
2020-10-22 00:18:18,404 [main] INFO Guidewire - ***** Test Method failed ******
2020-10-22 00:18:23,042 [main] INFO Guidewire - ***** Browser Closed ******
2020-10-22 00:29:27,477 [main] INFO Guidewire - ***** Edge Browser Launched ******
2020-10-22 00:29:39,429 [main] INFO Guidewire - ***** Test Method failed ******
2020-10-22 00:29:44,109 [main] INFO Guidewire - ***** Browser Closed ******
2020-10-22 00:41:21,510 [main] INFO Guidewire - ***** Edge Browser Launched ******
2020-10-22 00:41:28,317 [main] INFO Guidewire - ***** Test Method failed ******
2020-10-22 00:41:32,976 [main] INFO Guidewire - ***** Browser Closed ******
2020-10-22 00:43:36,080 [main] INFO Guidewire - ***** Edge Browser Launched ******
2020-10-22 00:43:42,881 [main] INFO Guidewire - ***** Test Method failed ******
2020-10-22 00:43:47,528 [main] INFO Guidewire - ***** Browser Closed ******
2020-10-22 00:45:34,356 [main] INFO Guidewire - ***** Edge Browser Launched ******
2020-10-22 00:45:41,105 [main] INFO Guidewire - ***** Test Method failed ******
2020-10-22 00:45:45,746 [main] INFO Guidewire - ***** Browser Closed ******
2020-10-22 00:48:00,971 [main] INFO Guidewire - ***** Edge Browser Launched ******
2020-10-22 00:48:07,791 [main] INFO Guidewire - ***** Test Method failed ******
2020-10-22 00:48:12,427 [main] INFO Guidewire - ***** Browser Closed ******
2020-10-22 00:48:38,424 [main] INFO Guidewire - ***** Edge Browser Launched ******
2020-10-22 00:48:45,070 [main] INFO Guidewire - ***** Test Method failed ******
2020-10-22 00:48:49,721 [main] INFO Guidewire - ***** Browser Closed ******
2020-10-22 00:50:42,528 [main] INFO Guidewire - ***** Edge Browser Launched ******
2020-10-22 00:50:50,948 [main] INFO Guidewire - ***** Test Method failed ******
2020-10-22 00:50:55,558 [main] INFO Guidewire - ***** Browser Closed ******
2020-10-22 00:59:41,150 [main] INFO Guidewire - ***** Edge Browser Launched ******
2020-10-22 00:59:48,214 [main] INFO Guidewire - ***** Test Method Passed ******
2020-10-22 00:59:52,538 [main] INFO Guidewire - ***** Browser Closed ******
2020-10-22 01:06:16,613 [main] INFO Guidewire - ***** Edge Browser Launched ******
2020-10-22 01:06:18,300 [main] INFO Guidewire - ***** Test Method Passed ******
2020-10-22 01:06:18,542 [main] INFO Guidewire - ***** Browser Closed ******
2020-10-22 01:06:21,957 [main] INFO Guidewire - ***** Edge Browser Launched ******
2020-10-22 01:06:28,522 [main] INFO Guidewire - ***** Test Method failed ******
2020-10-22 01:06:33,121 [main] INFO Guidewire - ***** Browser Closed ******
2020-10-22 01:06:36,513 [main] INFO Guidewire - ***** Edge Browser Launched ******
2020-10-22 01:06:43,037 [main] INFO Guidewire - ***** Test Method failed ******
2020-10-22 01:06:47,654 [main] INFO Guidewire - ***** Browser Closed ******
2020-10-22 01:06:52,979 [main] INFO Guidewire - ***** Chrome Browser Launched ******
2020-10-22 01:06:59,378 [main] INFO Guidewire - ***** Test Method Passed ******
2020-10-22 01:07:03,697 [main] INFO Guidewire - ***** Browser Closed ******
2020-10-22 01:07:08,976 [main] INFO Guidewire - ***** Chrome Browser Launched ******
2020-10-22 01:07:11,882 [main] INFO Guidewire - ***** Test Method Passed ******
2020-10-22 01:07:16,207 [main] INFO Guidewire - ***** Browser Closed ******
2020-10-22 01:07:21,441 [main] INFO Guidewire - ***** Chrome Browser Launched ******
2020-10-22 01:07:24,278 [main] INFO Guidewire - ***** Test Method Passed ******
2020-10-22 01:07:28,604 [main] INFO Guidewire - ***** Browser Closed ******
2020-10-22 01:07:33,894 [main] INFO Guidewire - ***** Chrome Browser Launched ******
2020-10-22 01:07:36,668 [main] INFO Guidewire - ***** Test Method Passed ******
2020-10-22 01:07:40,994 [main] INFO Guidewire - ***** Browser Closed ******
2020-10-22 01:07:46,261 [main] INFO Guidewire - ***** Chrome Browser Launched ******
2020-10-22 01:07:52,666 [main] INFO Guidewire - ***** Test Method failed ******
2020-10-22 01:07:57,280 [main] INFO Guidewire - ***** Browser Closed ******
2020-10-22 01:09:33,874 [main] INFO Guidewire - ***** Chrome Browser Launched ******
2020-10-22 01:09:42,047 [main] INFO Guidewire - ***** Test Method failed ******
2020-10-22 01:10:48,607 [main] INFO Guidewire - ***** Firefox Browser Launched ******
2020-10-22 01:10:52,878 [main] INFO Guidewire - ***** Test Method Passed ******
2020-10-22 01:10:55,019 [main] INFO Guidewire - ***** Browser Closed ******
2020-10-22 12:19:00,284 [main] INFO Guidewire - ***** Firefox Browser Launched ******
2020-10-22 12:19:11,174 [main] INFO Guidewire - ***** Test Method failed ******
2020-10-22 12:19:12,606 [main] INFO Guidewire - ***** Browser Closed ******
2020-10-22 12:24:44,566 [main] INFO Guidewire - ***** Firefox Browser Launched ******
2020-10-22 12:24:53,114 [main] INFO Guidewire - ***** Test Method Passed ******
2020-10-22 12:24:54,382 [main] INFO Guidewire - ***** Browser Closed ******
2020-10-22 12:27:08,767 [main] INFO Guidewire - ***** Firefox Browser Launched ******
2020-10-22 12:27:17,848 [main] INFO Guidewire - ***** Test Method failed ******
2020-10-22 12:27:19,633 [main] INFO Guidewire - ***** Browser Closed ******
2020-10-22 12:28:04,847 [main] INFO Guidewire - ***** Firefox Browser Launched ******
2020-10-22 12:28:13,922 [main] INFO Guidewire - ***** Test Method failed ******
2020-10-22 12:28:15,576 [main] INFO Guidewire - ***** Browser Closed ******
2020-10-22 12:29:08,377 [main] INFO Guidewire - ***** Firefox Browser Launched ******
2020-10-22 12:29:16,698 [main] INFO Guidewire - ***** Test Method Passed ******
2020-10-22 12:29:17,974 [main] INFO Guidewire - ***** Browser Closed ******
2020-10-22 12:30:06,170 [main] INFO Guidewire - ***** Firefox Browser Launched ******
2020-10-22 12:30:14,409 [main] INFO Guidewire - ***** Test Method Passed ******
2020-10-22 12:30:15,662 [main] INFO Guidewire - ***** Browser Closed ******
2020-10-22 12:42:04,281 [main] INFO Guidewire - ***** Firefox Browser Launched ******
2020-10-22 12:42:12,420 [main] INFO Guidewire - ***** Test Method Passed ******
2020-10-22 12:42:13,753 [main] INFO Guidewire - ***** Browser Closed ******
2020-10-22 12:44:42,320 [main] INFO Guidewire - ***** Firefox Browser Launched ******
2020-10-22 12:44:51,569 [main] INFO Guidewire - ***** Test Method failed ******
2020-10-22 12:44:52,942 [main] INFO Guidewire - ***** Browser Closed ******
2020-10-22 12:45:45,187 [main] INFO Guidewire - ***** Firefox Browser Launched ******
2020-10-22 12:45:54,375 [main] INFO Guidewire - ***** Test Method failed ******
2020-10-22 12:45:56,144 [main] INFO Guidewire - ***** Browser Closed ******
2020-10-22 12:47:03,813 [main] INFO Guidewire - ***** Firefox Browser Launched ******
2020-10-22 12:47:12,863 [main] INFO Guidewire - ***** Test Method failed ******
2020-10-22 12:47:14,356 [main] INFO Guidewire - ***** Browser Closed ******
2020-10-22 12:50:46,291 [main] INFO Guidewire - ***** Firefox Browser Launched ******
2020-10-22 12:50:55,168 [main] INFO Guidewire - ***** Test Method failed ******
2020-10-22 12:50:56,435 [main] INFO Guidewire - ***** Browser Closed ******
2020-10-22 12:52:29,377 [main] INFO Guidewire - ***** Firefox Browser Launched ******
2020-10-22 12:52:37,619 [main] INFO Guidewire - ***** Test Method Passed ******
2020-10-22 12:52:38,796 [main] INFO Guidewire - ***** Browser Closed ******
2020-10-22 12:57:13,884 [TestNG] INFO Guidewire - ***** Edge Browser Launched ******
2020-10-22 12:57:21,308 [TestNG] INFO Guidewire - ***** Test Method Passed ******
2020-10-22 12:57:22,124 [TestNG] INFO Guidewire - ***** Chrome Browser Launched ******
2020-10-22 12:57:25,632 [TestNG] INFO Guidewire - ***** Browser Closed ******
2020-10-22 12:57:28,756 [TestNG] INFO Guidewire - ***** Test Method Passed ******
2020-10-22 12:57:28,862 [TestNG] INFO Guidewire - ***** Browser Closed ******
2020-10-22 13:02:34,139 [main] INFO Guidewire - ***** Firefox Browser Launched ******
2020-10-22 13:02:36,562 [main] INFO Guidewire - ***** Test Method Passed ******
2020-10-22 13:02:38,097 [main] INFO Guidewire - ***** Browser Closed ******
2020-10-22 13:02:41,983 [main] INFO Guidewire - ***** Firefox Browser Launched ******
2020-10-22 13:02:49,137 [main] INFO Guidewire - ***** Test Method failed ******
2020-10-22 13:02:50,375 [main] INFO Guidewire - ***** Browser Closed ******
2020-10-22 13:02:54,079 [main] INFO Guidewire - ***** Firefox Browser Launched ******
2020-10-22 13:03:01,004 [main] INFO Guidewire - ***** Test Method failed ******
2020-10-22 13:03:02,238 [main] INFO Guidewire - ***** Browser Closed ******
2020-10-22 13:03:05,938 [main] INFO Guidewire - ***** Firefox Browser Launched ******
2020-10-22 13:03:14,178 [main] INFO Guidewire - ***** Test Method Passed ******
2020-10-22 13:03:15,582 [main] INFO Guidewire - ***** Browser Closed ******
2020-10-22 13:03:19,315 [main] INFO Guidewire - ***** Firefox Browser Launched ******
2020-10-22 13:03:27,295 [main] INFO Guidewire - ***** Test Method failed ******
2020-10-22 13:03:28,639 [main] INFO Guidewire - ***** Browser Closed ******
2020-10-22 13:03:32,327 [main] INFO Guidewire - ***** Firefox Browser Launched ******
2020-10-22 13:03:40,204 [main] INFO Guidewire - ***** Test Method failed ******
2020-10-22 13:03:41,544 [main] INFO Guidewire - ***** Browser Closed ******
2020-10-22 13:03:45,260 [main] INFO Guidewire - ***** Firefox Browser Launched ******
2020-10-22 13:03:53,340 [main] INFO Guidewire - ***** Test Method failed ******
2020-10-22 13:03:54,983 [main] INFO Guidewire - ***** Browser Closed ******
2020-10-22 13:03:58,697 [main] INFO Guidewire - ***** Firefox Browser Launched ******
2020-10-22 13:04:03,974 [main] INFO Guidewire - ***** Test Method Passed ******
2020-10-22 13:04:05,693 [main] INFO Guidewire - ***** Browser Closed ******
2020-10-22 13:19:33,611 [main] INFO Guidewire - ***** Firefox Browser Launched ******
2020-10-22 13:19:45,521 [main] INFO Guidewire - ***** Test Method failed ******
2020-10-22 13:19:46,917 [main] INFO Guidewire - ***** Browser Closed ******
2020-10-22 13:19:50,845 [main] INFO Guidewire - ***** Firefox Browser Launched ******
2020-10-22 13:20:01,817 [main] INFO Guidewire - ***** Test Method failed ******
2020-10-22 13:20:03,563 [main] INFO Guidewire - ***** Browser Closed ******
2020-10-22 13:20:07,280 [main] INFO Guidewire - ***** Firefox Browser Launched ******
2020-10-22 13:20:19,738 [main] INFO Guidewire - ***** Test Method failed ******
2020-10-22 13:20:21,163 [main] INFO Guidewire - ***** Browser Closed ******
2020-10-22 13:22:18,459 [main] INFO Guidewire - ***** Firefox Browser Launched ******
2020-10-22 13:22:20,991 [main] INFO Guidewire - ***** Test Method Passed ******
2020-10-22 13:22:22,727 [main] INFO Guidewire - ***** Browser Closed ******
2020-10-22 13:22:26,651 [main] INFO Guidewire - ***** Firefox Browser Launched ******
2020-10-22 13:22:33,999 [main] INFO Guidewire - ***** Test Method failed ******
2020-10-22 13:22:35,409 [main] INFO Guidewire - ***** Browser Closed ******
2020-10-22 13:22:39,126 [main] INFO Guidewire - ***** Firefox Browser Launched ******
2020-10-22 13:22:46,264 [main] INFO Guidewire - ***** Test Method failed ******
2020-10-22 13:22:47,588 [main] INFO Guidewire - ***** Browser Closed ******
2021-01-04 14:01:56,006 [main] INFO Guidewire - ***** Chrome Browser Launched ******
2021-01-04 14:02:05,344 [main] INFO Guidewire - ***** Test Method failed ******
2021-01-04 14:12:49,981 [main] INFO Guidewire - ***** Browser Closed ******
2021-01-04 14:12:55,888 [main] INFO Guidewire - ***** Chrome Browser Launched ******
2021-01-04 14:13:05,131 [main] INFO Guidewire - ***** Test Method failed ******
2021-01-04 14:16:49,168 [main] INFO Guidewire - ***** Browser Closed ******
2021-01-04 14:17:04,656 [main] INFO Guidewire - ***** Test Method Passed ******
2021-01-04 14:17:10,001 [main] INFO Guidewire - ***** Chrome Browser Launched ******
2021-01-04 14:17:14,920 [main] INFO Guidewire - ***** Test Method failed ******
2021-01-04 14:17:30,645 [main] INFO Guidewire - ***** Test Method Passed ******
2021-01-04 14:17:50,085 [main] INFO Guidewire - ***** Test Method Passed ******
2021-01-04 14:17:59,547 [main] INFO Guidewire - ***** Chrome Browser Launched ******
2021-01-04 14:17:59,549 [main] INFO Guidewire - ***** Test Method Passed ******
2021-01-04 14:17:59,653 [main] INFO Guidewire - ***** Browser Closed ******
2021-01-04 14:18:05,131 [main] INFO Guidewire - ***** Chrome Browser Launched ******
2021-01-04 14:18:14,360 [main] INFO Guidewire - ***** Test Method failed ******
2021-01-04 14:18:14,726 [main] INFO Guidewire - ***** Browser Closed ******
2021-01-05 20:07:34,351 [main] INFO Guidewire - ***** Chrome Browser Launched ******
2021-01-05 20:07:54,948 [main] INFO Guidewire - ***** Test Method failed ******
2021-01-05 20:07:59,293 [main] INFO Guidewire - ***** Browser Closed ******
2021-01-06 12:22:37,324 [main] INFO Guidewire - ***** Chrome Browser Launched ******
2021-01-06 12:22:46,847 [main] INFO Guidewire - ***** Test Method failed ******
2021-01-06 12:26:08,839 [main] INFO Guidewire - ***** Chrome Browser Launched ******
2021-01-06 12:26:09,670 [main] INFO Guidewire - ***** Test Method failed ******
2021-01-06 12:38:54,417 [main] INFO Guidewire - ***** Chrome Browser Launched ******
2021-01-06 12:39:06,365 [main] INFO Guidewire - ***** Test Method failed ******
2021-01-06 12:39:25,842 [main] INFO Guidewire - ***** Chrome Browser Launched ******
2021-01-06 12:39:25,847 [main] INFO Guidewire - ***** Test Method Passed ******
2021-01-06 12:39:30,168 [main] INFO Guidewire - ***** Browser Closed ******
2021-01-06 12:39:35,752 [main] INFO Guidewire - ***** Chrome Browser Launched ******
2021-01-06 12:39:35,754 [main] INFO Guidewire - ***** Test Method Passed ******
2021-01-06 12:39:35,999 [main] INFO Guidewire - ***** Browser Closed ******
2021-01-06 17:25:51,377 [main] INFO Guidewire - ***** Chrome Browser Launched ******
2021-01-06 17:26:01,675 [main] INFO Guidewire - ***** Test Method failed ******
2021-01-06 17:26:02,071 [main] INFO Guidewire - ***** Browser Closed ******
2021-01-06 17:26:07,830 [main] INFO Guidewire - ***** Chrome Browser Launched ******
2021-01-06 17:26:17,152 [main] INFO Guidewire - ***** Test Method failed ******
2021-01-06 17:26:17,492 [main] INFO Guidewire - ***** Browser Closed ******
2021-01-06 17:26:23,118 [main] INFO Guidewire - ***** Chrome Browser Launched ******
2021-01-06 17:26:32,536 [main] INFO Guidewire - ***** Test Method failed ******
2021-01-06 17:26:32,879 [main] INFO Guidewire - ***** Browser Closed ******
2021-01-06 17:36:38,668 [main] INFO Guidewire - ***** Test Method Passed ******
2021-01-06 17:36:44,069 [main] INFO Guidewire - ***** Chrome Browser Launched ******
2021-01-06 17:36:53,735 [main] INFO Guidewire - ***** Test Method failed ******
2021-01-06 17:36:54,215 [main] INFO Guidewire - ***** Browser Closed ******
2021-01-06 17:46:59,976 [main] INFO Guidewire - ***** Test Method Passed ******
2021-01-06 17:47:05,558 [main] INFO Guidewire - ***** Chrome Browser Launched ******
2021-01-06 17:47:05,559 [main] INFO Guidewire - ***** Test Method Passed ******
2021-01-06 17:47:05,653 [main] INFO Guidewire - ***** Browser Closed ******
2021-01-06 17:47:10,934 [main] INFO Guidewire - ***** Chrome Browser Launched ******
2021-01-06 17:47:20,225 [main] INFO Guidewire - ***** Test Method failed ******
2021-01-06 17:47:20,553 [main] INFO Guidewire - ***** Browser Closed ******
2021-01-06 21:12:27,769 [main] INFO Guidewire - ***** Chrome Browser Launched ******
2021-01-06 21:12:37,113 [main] INFO Guidewire - ***** Test Method failed ******
2021-01-06 21:12:37,534 [main] INFO Guidewire - ***** Browser Closed ******
2021-01-06 21:12:43,041 [main] INFO Guidewire - ***** Chrome Browser Launched ******
2021-01-06 21:12:52,242 [main] INFO Guidewire - ***** Test Method failed ******
2021-01-06 21:12:52,581 [main] INFO Guidewire - ***** Browser Closed ******
2021-01-06 21:12:57,900 [main] INFO Guidewire - ***** Chrome Browser Launched ******
2021-01-06 21:13:07,175 [main] INFO Guidewire - ***** Test Method failed ******
2021-01-06 21:13:07,584 [main] INFO Guidewire - ***** Browser Closed ******
2021-01-06 21:23:13,111 [main] INFO Guidewire - ***** Test Method Passed ******
2021-01-06 21:23:17,565 [main] INFO Guidewire - ***** Edge Browser Launched ******
2021-01-06 21:23:19,317 [main] INFO Guidewire - ***** Test Method failed ******
2021-01-06 21:23:19,668 [main] INFO Guidewire - ***** Browser Closed ******
2021-01-06 21:23:22,970 [main] INFO Guidewire - ***** Edge Browser Launched ******
2021-01-06 21:23:24,180 [main] INFO Guidewire - ***** Test Method failed ******
2021-01-06 21:23:24,527 [main] INFO Guidewire - ***** Browser Closed ******
2021-01-06 21:23:27,812 [main] INFO Guidewire - ***** Edge Browser Launched ******
2021-01-06 21:23:29,040 [main] INFO Guidewire - ***** Test Method failed ******
2021-01-06 21:23:29,396 [main] INFO Guidewire - ***** Browser Closed ******
2021-01-06 21:23:32,680 [main] INFO Guidewire - ***** Edge Browser Launched ******
2021-01-06 21:23:33,892 [main] INFO Guidewire - ***** Test Method failed ******
2021-01-06 21:23:34,215 [main] INFO Guidewire - ***** Browser Closed ******
2021-01-06 21:24:52,148 [main] INFO Guidewire - ***** Edge Browser Launched ******
2021-01-06 21:24:57,309 [main] INFO Guidewire - ***** Test Method Passed ******
2021-01-06 21:25:01,637 [main] INFO Guidewire - ***** Browser Closed ******
2021-01-06 21:25:05,503 [main] INFO Guidewire - ***** Edge Browser Launched ******
2021-01-06 21:25:12,188 [main] INFO Guidewire - ***** Test Method failed ******
2021-01-06 21:25:16,741 [main] INFO Guidewire - ***** Browser Closed ******
2021-01-06 21:25:20,007 [main] INFO Guidewire - ***** Edge Browser Launched ******
2021-01-06 21:25:26,642 [main] INFO Guidewire - ***** Test Method failed ******
2021-01-06 21:25:31,218 [main] INFO Guidewire - ***** Browser Closed ******
2021-01-06 21:25:34,502 [main] INFO Guidewire - ***** Edge Browser Launched ******
2021-01-06 21:25:45,201 [main] INFO Guidewire - ***** Test Method Passed ******
2021-01-06 21:25:49,523 [main] INFO Guidewire - ***** Browser Closed ******
2021-01-06 21:25:53,241 [main] INFO Guidewire - ***** Edge Browser Launched ******
2021-01-06 21:26:00,223 [main] INFO Guidewire - ***** Test Method Passed ******
2021-01-06 21:26:04,544 [main] INFO Guidewire - ***** Browser Closed ******
2021-01-06 21:26:08,210 [main] INFO Guidewire - ***** Edge Browser Launched ******
2021-01-06 21:26:11,619 [main] INFO Guidewire - ***** Test Method Passed ******
2021-01-06 21:26:15,940 [main] INFO Guidewire - ***** Browser Closed ******
2021-01-06 21:26:19,371 [main] INFO Guidewire - ***** Edge Browser Launched ******
2021-01-06 21:26:22,888 [main] INFO Guidewire - ***** Test Method Passed ******
2021-01-06 21:26:27,210 [main] INFO Guidewire - ***** Browser Closed ******
2021-01-06 21:26:30,940 [main] INFO Guidewire - ***** Edge Browser Launched ******
2021-01-06 21:26:34,234 [main] INFO Guidewire - ***** Test Method Passed ******
2021-01-06 21:26:38,551 [main] INFO Guidewire - ***** Browser Closed ******
2021-01-07 16:45:02,015 [main] INFO Guidewire - ***** Edge Browser Launched ******
2021-01-07 16:45:09,649 [main] INFO Guidewire - ***** Test Method Passed ******
2021-01-07 16:45:13,968 [main] INFO Guidewire - ***** Browser Closed ******
2021-01-07 16:45:17,562 [main] INFO Guidewire - ***** Edge Browser Launched ******
2021-01-07 16:45:24,196 [main] INFO Guidewire - ***** Test Method failed ******
2021-01-07 16:45:28,803 [main] INFO Guidewire - ***** Browser Closed ******
2021-01-07 16:45:32,053 [main] INFO Guidewire - ***** Edge Browser Launched ******
2021-01-07 16:45:38,690 [main] INFO Guidewire - ***** Test Method failed ******
2021-01-07 16:45:43,254 [main] INFO Guidewire - ***** Browser Closed ******
2021-01-07 16:45:46,740 [main] INFO Guidewire - ***** Edge Browser Launched ******
2021-01-07 16:45:58,687 [main] INFO Guidewire - ***** Test Method Passed ******
2021-01-07 16:46:03,008 [main] INFO Guidewire - ***** Browser Closed ******
2021-01-07 16:46:06,324 [main] INFO Guidewire - ***** Edge Browser Launched ******
2021-01-07 16:46:13,331 [main] INFO Guidewire - ***** Test Method Passed ******
2021-01-07 16:46:17,648 [main] INFO Guidewire - ***** Browser Closed ******
2021-01-07 16:46:20,935 [main] INFO Guidewire - ***** Edge Browser Launched ******
2021-01-07 16:46:24,324 [main] INFO Guidewire - ***** Test Method Passed ******
2021-01-07 16:46:28,640 [main] INFO Guidewire - ***** Browser Closed ******
2021-01-07 16:46:31,913 [main] INFO Guidewire - ***** Edge Browser Launched ******
2021-01-07 16:46:35,218 [main] INFO Guidewire - ***** Test Method Passed ******
2021-01-07 16:46:39,539 [main] INFO Guidewire - ***** Browser Closed ******
2021-01-07 16:46:42,847 [main] INFO Guidewire - ***** Edge Browser Launched ******
2021-01-07 16:46:46,358 [main] INFO Guidewire - ***** Test Method Passed ******
2021-01-07 16:46:50,682 [main] INFO Guidewire - ***** Browser Closed ******
2021-01-07 16:47:26,237 [main] INFO Guidewire - ***** Edge Browser Launched ******
2021-01-07 16:47:28,059 [main] INFO Guidewire - ***** Test Method Passed ******
2021-01-07 16:47:32,380 [main] INFO Guidewire - ***** Browser Closed ******
2021-01-07 16:47:35,928 [main] INFO Guidewire - ***** Edge Browser Launched ******
2021-01-07 16:47:42,326 [main] INFO Guidewire - ***** Test Method failed ******
2021-01-07 16:47:46,903 [main] INFO Guidewire - ***** Browser Closed ******
2021-01-07 16:48:00,248 [main] INFO Guidewire - ***** Edge Browser Launched ******
2021-01-07 16:48:06,674 [main] INFO Guidewire - ***** Test Method failed ******
2021-01-07 16:48:11,246 [main] INFO Guidewire - ***** Browser Closed ******
2021-01-07 16:48:14,536 [main] INFO Guidewire - ***** Edge Browser Launched ******
2021-01-07 16:48:21,947 [main] INFO Guidewire - ***** Test Method Passed ******
2021-01-07 16:48:26,269 [main] INFO Guidewire - ***** Browser Closed ******
2021-01-07 16:48:29,652 [main] INFO Guidewire - ***** Edge Browser Launched ******
2021-01-07 16:48:33,342 [main] INFO Guidewire - ***** Test Method Passed ******
2021-01-07 16:48:37,661 [main] INFO Guidewire - ***** Browser Closed ******
2021-01-07 16:48:41,039 [main] INFO Guidewire - ***** Edge Browser Launched ******
2021-01-07 16:48:44,354 [main] INFO Guidewire - ***** Test Method Passed ******
2021-01-07 16:48:48,674 [main] INFO Guidewire - ***** Browser Closed ******
2021-01-07 16:48:51,942 [main] INFO Guidewire - ***** Edge Browser Launched ******
2021-01-07 16:48:55,248 [main] INFO Guidewire - ***** Test Method Passed ******
2021-01-07 16:48:59,563 [main] INFO Guidewire - ***** Browser Closed ******
2021-01-07 16:49:02,932 [main] INFO Guidewire - ***** Edge Browser Launched ******
2021-01-07 16:49:05,997 [main] INFO Guidewire - ***** Test Method Passed ******
2021-01-07 16:49:10,316 [main] INFO Guidewire - ***** Browser Closed ******
2021-01-07 17:00:49,239 [main] INFO Guidewire - ***** Edge Browser Launched ******
2021-01-07 17:00:51,009 [main] INFO Guidewire - ***** Test Method Passed ******
2021-01-07 17:00:55,338 [main] INFO Guidewire - ***** Browser Closed ******
2021-01-07 17:00:58,828 [main] INFO Guidewire - ***** Edge Browser Launched ******
2021-01-07 17:00:58,835 [main] INFO Guidewire - ***** Test Method failed ******
2021-01-07 17:00:59,146 [main] INFO Guidewire - ***** Browser Closed ******
2021-01-07 17:01:02,422 [main] INFO Guidewire - ***** Edge Browser Launched ******
2021-01-07 17:01:02,423 [main] INFO Guidewire - ***** Test Method failed ******
2021-01-07 17:01:02,746 [main] INFO Guidewire - ***** Browser Closed ******
2021-01-07 17:01:06,226 [main] INFO Guidewire - ***** Edge Browser Launched ******
2021-01-07 17:01:13,012 [main] INFO Guidewire - ***** Test Method Passed ******
2021-01-07 17:01:17,331 [main] INFO Guidewire - ***** Browser Closed ******
2021-01-07 17:01:20,666 [main] INFO Guidewire - ***** Edge Browser Launched ******
2021-01-07 17:01:23,993 [main] INFO Guidewire - ***** Test Method Passed ******
2021-01-07 17:01:28,324 [main] INFO Guidewire - ***** Browser Closed ******
2021-01-07 17:01:31,523 [main] INFO Guidewire - ***** Edge Browser Launched ******
2021-01-07 17:01:34,736 [main] INFO Guidewire - ***** Test Method Passed ******
2021-01-07 17:01:39,057 [main] INFO Guidewire - ***** Browser Closed ******
2021-01-07 17:01:42,380 [main] INFO Guidewire - ***** Edge Browser Launched ******
2021-01-07 17:01:45,583 [main] INFO Guidewire - ***** Test Method Passed ******
2021-01-07 17:01:49,904 [main] INFO Guidewire - ***** Browser Closed ******
2021-01-07 17:01:53,240 [main] INFO Guidewire - ***** Edge Browser Launched ******
2021-01-07 17:01:56,187 [main] INFO Guidewire - ***** Test Method Passed ******
2021-01-07 17:02:00,507 [main] INFO Guidewire - ***** Browser Closed ******
2021-01-07 17:07:05,297 [main] INFO Guidewire - ***** Edge Browser Launched ******
2021-01-07 17:07:07,034 [main] INFO Guidewire - ***** Test Method Passed ******
2021-01-07 17:07:11,357 [main] INFO Guidewire - ***** Browser Closed ******
2021-01-07 17:07:14,860 [main] INFO Guidewire - ***** Edge Browser Launched ******
2021-01-07 17:07:14,866 [main] INFO Guidewire - ***** Test Method failed ******
2021-01-07 17:07:15,202 [main] INFO Guidewire - ***** Browser Closed ******
2021-01-07 17:07:18,516 [main] INFO Guidewire - ***** Edge Browser Launched ******
2021-01-07 17:07:18,517 [main] INFO Guidewire - ***** Test Method failed ******
2021-01-07 17:07:18,823 [main] INFO Guidewire - ***** Browser Closed ******
2021-01-07 17:07:22,120 [main] INFO Guidewire - ***** Edge Browser Launched ******
2021-01-07 17:07:29,526 [main] INFO Guidewire - ***** Test Method Passed ******
2021-01-07 17:07:33,845 [main] INFO Guidewire - ***** Browser Closed ******
2021-01-07 17:07:37,188 [main] INFO Guidewire - ***** Edge Browser Launched ******
2021-01-07 17:07:40,633 [main] INFO Guidewire - ***** Test Method Passed ******
2021-01-07 17:07:44,955 [main] INFO Guidewire - ***** Browser Closed ******
2021-01-07 17:07:48,237 [main] INFO Guidewire - ***** Edge Browser Launched ******
2021-01-07 17:07:51,697 [main] INFO Guidewire - ***** Test Method Passed ******
2021-01-07 17:07:56,019 [main] INFO Guidewire - ***** Browser Closed ******
2021-01-07 17:07:59,395 [main] INFO Guidewire - ***** Edge Browser Launched ******
2021-01-07 17:08:02,450 [main] INFO Guidewire - ***** Test Method Passed ******
2021-01-07 17:08:06,773 [main] INFO Guidewire - ***** Browser Closed ******
2021-01-07 17:08:10,075 [main] INFO Guidewire - ***** Edge Browser Launched ******
2021-01-07 17:08:13,160 [main] INFO Guidewire - ***** Test Method Passed ******
2021-01-07 17:08:17,488 [main] INFO Guidewire - ***** Browser Closed ******
2021-01-07 17:09:34,419 [main] INFO Guidewire - ***** Edge Browser Launched ******
2021-01-07 17:09:36,231 [main] INFO Guidewire - ***** Test Method Passed ******
2021-01-07 17:09:40,329 [main] INFO Guidewire - ***** Browser Closed ******
2021-01-07 17:09:43,900 [main] INFO Guidewire - ***** Edge Browser Launched ******
2021-01-07 17:09:43,906 [main] INFO Guidewire - ***** Test Method failed ******
2021-01-07 17:09:44,327 [main] INFO Guidewire - ***** Browser Closed ******
2021-01-07 17:09:47,733 [main] INFO Guidewire - ***** Edge Browser Launched ******
2021-01-07 17:09:47,739 [main] INFO Guidewire - ***** Test Method failed ******
2021-01-07 17:09:48,098 [main] INFO Guidewire - ***** Browser Closed ******
2021-01-07 17:12:33,833 [main] INFO Guidewire - ***** Edge Browser Launched ******
2021-01-07 17:12:35,515 [main] INFO Guidewire - ***** Test Method Passed ******
2021-01-07 17:12:39,851 [main] INFO Guidewire - ***** Browser Closed ******
2021-01-07 17:12:43,345 [main] INFO Guidewire - ***** Edge Browser Launched ******
2021-01-07 17:12:50,096 [main] INFO Guidewire - ***** Test Method Passed ******
2021-01-07 17:12:54,416 [main] INFO Guidewire - ***** Browser Closed ******
2021-01-07 17:12:57,697 [main] INFO Guidewire - ***** Edge Browser Launched ******
2021-01-07 17:13:00,983 [main] INFO Guidewire - ***** Test Method Passed ******
2021-01-07 17:13:05,304 [main] INFO Guidewire - ***** Browser Closed ******
2021-01-07 17:13:08,487 [main] INFO Guidewire - ***** Edge Browser Launched ******
2021-01-07 17:13:11,841 [main] INFO Guidewire - ***** Test Method Passed ******
2021-01-07 17:13:16,162 [main] INFO Guidewire - ***** Browser Closed ******
2021-01-07 17:13:19,456 [main] INFO Guidewire - ***** Edge Browser Launched ******
2021-01-07 17:13:23,041 [main] INFO Guidewire - ***** Test Method Passed ******
2021-01-07 17:13:27,362 [main] INFO Guidewire - ***** Browser Closed ******
2021-01-07 17:13:30,656 [main] INFO Guidewire - ***** Edge Browser Launched ******
2021-01-07 17:13:33,763 [main] INFO Guidewire - ***** Test Method Passed ******
2021-01-07 17:13:38,086 [main] INFO Guidewire - ***** Browser Closed ******
2021-01-18 19:51:57,051 [main] INFO Guidewire - ***** Edge Browser Launched ******
2021-01-18 19:52:01,214 [main] INFO Guidewire - ***** Test Method failed ******
2021-01-18 19:52:01,693 [main] INFO Guidewire - ***** Browser Closed ******
2021-01-18 20:06:50,423 [main] INFO Guidewire - ***** Edge Browser Launched ******
2021-01-18 20:06:51,312 [main] INFO Guidewire - ***** Test Method Passed ******
2021-01-18 20:11:29,744 [main] INFO Guidewire - ***** Edge Browser Launched ******
2021-01-18 20:11:30,601 [main] INFO Guidewire - ***** Test Method Passed ******
2021-01-18 20:12:36,281 [main] INFO Guidewire - ***** Edge Browser Launched ******
2021-01-18 20:12:37,230 [main] INFO Guidewire - ***** Test Method Passed ******
2021-01-18 20:14:20,081 [main] INFO Guidewire - ***** Edge Browser Launched ******
2021-01-18 20:14:21,047 [main] INFO Guidewire - ***** Test Method Passed ******
2021-01-18 20:14:25,185 [main] INFO Guidewire - ***** Browser Closed ******
2021-01-18 20:16:25,261 [main] INFO Guidewire - ***** Edge Browser Launched ******
2021-01-18 20:16:26,035 [main] INFO Guidewire - ***** Test Method Passed ******
2021-01-18 20:17:26,207 [main] INFO Guidewire - ***** Edge Browser Launched ******
2021-01-18 20:17:27,054 [main] INFO Guidewire - ***** Test Method Passed ******
2021-01-18 20:17:27,567 [main] INFO Guidewire - ***** Browser Closed ******
